63
0
237
0
265
0
151
0
0
6
371
427
368
369
0
305
411
93
0
0
0
47
91
101
58
76
0
422
147
0
0
13
99
402
228
293
0
257
0
317
383
365
41
0
0
148
77
14
0
53
0
403
224
438
314
387
112
341
38
308
399
279
86
60
0
55
378
0
412
0
342
116
0
0
0
0
0
339
297
0
246
250
0
346
0
49
0
280
5
0
404
278
0
120
281
386
161
171
426
363
0
10
434
0
259
0
154
0
48
401
340
262
0
56
0
415
0
75
0
121
3
0
320
266
400
343
226
0
0
95
174
0
0
0
318
373
376
0
158
169
123
313
203
0
0
366
152
304
202
113
44
420
0
127
130
0
405
132
103
0
0
248
0
323
433
421
424
104
177
325
163
0
107
238
384
333
51
150
258
0
336
364
40
379
36
108
115
178
97
193
0
54
380
0
385
382
11
311
359
9
0
0
168
264
416
0
98
0
204
175
0
326
64
94
80
59
0
0
0
153
227
294
344
201
0
165
0
406
0
131
200
296
52
436
425
43
45
0
0
324
164
431
39
0
0
81
0
370
0
35
0
102
0
0
0
122
0
0
0
0
0
0
155
0
236
307
145
0
0
162
0
0
334
124
0
111
118
316
0
0
0
0
0
430
261
109
0
268
117
46
4
0
0
110
0
0
249
188
419
0
381
0
0
0
347
78
0
295
0
179
0
0
0
418
322
310
251
429
435
114
423
181
100
2
79
372
0
0
126
439
19
37
345
172
0
367
260
0
167
0
306
0
417
377
0
57
0
33
388
119
263
125
225
428
0
0
267
156
256
176
170
214
180
1
375
0
414
96
0
157
0
0
0
321
390
309
0
337
0
146
338
7
92
247
389
149
0
0
0
0
129
315
159
166
413
173
0
160
8
30
0
144
0
42
0
0
62
0
335
61
0
0
348
0
0
0
0
106
12
67
437
0
0
432
0
74
105
0
32
34
312
374
50
0
128
0
319
0
0
