25
127
265
116
401
1116
814
1085
442
778
110
610
499
0
1129
1040
875
549
0
0
724
0
528
636
0
601
1023
281
75
0
0
1029
578
0
0
171
0
690
806
0
339
976
1093
0
0
0
307
266
295
669
575
0
962
923
392
0
107
951
755
323
722
338
0
481
0
181
175
1166
65
0
603
0
203
8
280
0
252
0
1006
0
642
837
0
0
1056
485
22
193
0
283
840
0
428
809
297
482
466
1079
0
964
0
955
904
626
0
980
1098
131
640
456
1066
0
352
0
1097
714
818
66
533
291
0
0
888
916
356
148
1016
308
0
0
0
0
967
748
0
0
170
715
899
285
423
532
1039
563
436
0
292
396
0
893
395
0
540
959
758
0
0
750
1078
0
0
0
0
0
178
960
0
900
0
736
368
696
769
0
929
0
348
0
143
409
0
0
0
0
0
0
0
0
260
0
119
689
892
585
594
641
1045
100
829
0
1024
1165
824
630
1127
0
351
301
678
922
573
1141
370
625
728
498
0
0
686
59
74
500
597
508
854
38
402
698
35
306
0
1148
810
638
924
204
871
34
0
958
244
0
684
120
589
0
999
992
132
672
242
232
515
0
936
322
1125
827
0
1086
953
572
740
0
0
1140
476
1010
44
32
255
586
202
957
990
1121
734
514
747
0
989
943
253
725
458
0
890
473
0
86
0
517
0
524
756
13
0
0
836
841
749
55
0
1033
0
71
0
0
0
0
966
0
0
408
0
606
991
0
0
1073
595
760
0
342
713
200
437
956
673
192
298
817
73
207
0
358
1162
998
687
835
751
965
1120
418
1022
746
0
454
319
0
108
887
237
1161
720
1038
394
474
16
884
0
982
0
0
1091
0
0
243
931
562
0
954
0
46
844
717
0
483
21
111
878
0
671
1159
721
1072
0
320
938
627
1017
697
367
977
822
662
238
0
0
475
0
24
0
0
628
206
0
60
752
326
0
526
15
0
0
471
1090
918
12
374
315
179
0
913
637
596
577
425
677
891
321
264
0
399
1031
821
0
1143
61
815
128
410
397
1094
682
935
834
0
805
941
863
0
31
700
1009
576
1055
996
0
0
882
465
287
208
189
484
952
1130
333
0
0
7
0
0
332
214
611
819
421
0
182
512
324
0
0
895
398
461
33
0
0
973
183
766
0
771
872
0
716
894
518
0
624
0
72
0
543
197
0
726
519
0
981
0
347
759
82
739
852
939
0
917
676
0
968
975
0
84
828
0
1014
930
587
414
525
9
605
1005
174
1122
707
765
719
1069
906
234
134
0
251
831
0
832
0
121
945
915
0
691
851
239
994
963
574
18
0
0
0
486
1142
0
0
231
873
0
742
591
0
0
552
0
753
588
813
5
706
635
679
0
0
248
0
416
0
196
0
997
0
807
808
30
767
0
299
36
417
141
0
984
738
541
0
188
521
0
228
0
0
0
23
0
600
0
0
45
1136
0
539
869
1163
559
870
699
553
0
118
6
0
0
866
545
937
1044
1117
502
0
0
235
1135
0
683
221
592
0
1112
1149
556
754
1015
0
0
950
419
820
122
354
0
1144
1126
944
737
0
823
77
125
978
0
0
889
1089
564
554
1071
0
803
263
0
144
433
1111
542
0
10
167
441
0
85
177
302
663
406
1096
0
63
1134
0
0
0
0
400
99
0
1124
166
229
0
0
376
1167
460
0
551
850
0
0
1145
236
191
668
296
0
0
779
0
470
516
173
0
744
212
353
580
463
579
357
0
0
0
64
675
259
1070
912
0
300
901
340
0
1154
1027
477
136
293
825
69
1133
914
282
94
1046
169
245
0
1007
848
472
70
928
674
868
695
440
632
29
0
0
0
168
246
0
393
0
0
318
41
961
194
422
254
520
797
172
249
261
0
0
1019
833
745
741
464
0
0
478
932
876
241
139
1084
1049
1012
479
1013
757
0
761
0
0
0
0
0
0
0
1043
983
222
0
135
0
0
1119
0
67
180
91
455
0
0
355
147
0
0
92
880
0
0
743
331
0
58
670
629
165
215
142
1138
723
95
1118
195
503
276
240
903
995
0
205
407
0
0
316
896
558
211
826
314
247
201
1047
176
773
230
1020
96
0
310
1021
898
0
979
0
1011
0
462
0
1074
233
0
1004
685
897
190
294
1092
0
1139
1155
227
97
730
0
0
0
1128
250
555
488
509
375
602
0
0
109
101
830
76
504
727
1048
777
590
129
11
98
0
0
124
839
43
1095
688
708
0
0
566
604
0
0
593
256
877
772
0
269
0
523
0
1077
219
0
867
567
336
415
487
457
317
0
838
424
62
634
902
335
0
1147
138
0
942
37
277
459
350
0
0
1164
220
337
905
0
513
0
1137
105
279
0
1063
123
42
262
0
501
0
571
429
0
0
28
0
0
1030
0
0
0
83
557
522
1018
106
816
480
0
369
568
0
0
0
0
0
0
341
0
768
434
0
921
213
0
0
993
1032
0
0
974
0
0
584
1160
735
334
0
216
694
133
0
845
874
218
311
184
0
0
286
911
527
940
0
1157
1064
1075
0
1146
0
643
1123
0
0
68
812
644
278
881
93
0
0
883
0
865
0
0
27
163
0
0
0
1158
712
435
0
14
718
550
420
164
0
534
0
864
0
0
126
217
0
1008
1028
0
0
849
811
631
1065
0
0
535
426
140
544
17
0
0
639
729
1156
853
1076
26
0
770
137
0
130
309
0
325
633
0
284
427
565
0
117
349
0
701
0
149
0
879
