843
0
1141
0
0
188
0
1283
0
3089
3905
0
785
4134
4350
0
0
0
0
0
2118
3972
0
529
3370
1324
0
0
0
2304
0
0
2672
1158
3160
0
4287
0
1955
0
2711
3561
4512
3933
0
0
1537
0
0
2541
0
1259
0
0
0
0
848
3623
3940
756
4749
0
1666
0
1228
0
0
0
2577
0
0
3825
4715
0
2449
0
0
0
0
2448
0
2303
2254
0
0
1779
0
4546
4206
1275
0
0
0
1129
2213
0
3074
3744
0
0
0
0
18
0
0
0
0
600
3690
0
0
0
0
0
3361
0
1665
1809
0
4714
29
3992
0
0
683
3364
4495
4501
0
3608
495
0
0
0
0
2307
0
0
1087
2289
0
2155
1514
0
0
879
2703
0
0
0
3695
0
4218
0
0
0
0
0
933
0
0
0
3704
2122
178
0
0
1210
180
4086
2493
2680
1340
0
0
0
4034
0
0
0
0
0
0
0
3937
578
0
4549
0
0
4808
0
897
0
0
0
0
1237
3130
0
1569
0
0
0
4050
0
836
3578
0
0
2286
0
0
1913
0
2184
0
2316
0
1229
0
1231
0
0
589
0
3091
2658
956
4395
4136
0
3123
0
2824
0
2677
4241
0
0
0
0
1230
0
2330
0
0
3519
0
0
1278
3066
0
2153
0
0
0
0
0
1441
2988
0
726
0
0
1427
79
0
0
0
0
468
3520
697
0
2001
1919
0
1173
1110
792
0
2760
1681
2450
1712
0
4046
0
0
0
0
3830
1679
2489
0
3761
0
1988
1407
0
1353
0
0
0
0
0
0
3120
0
0
0
0
0
0
786
4363
2847
0
0
0
3960
0
3856
0
1089
4797
0
3456
0
4226
0
703
3407
0
0
2430
0
1854
789
0
2855
3163
0
0
0
0
0
0
0
0
0
0
2183
4803
4557
1369
4358
1999
0
1189
0
0
0
0
3359
0
0
0
4554
0
0
1036
0
0
0
1678
0
0
0
3423
1720
0
0
0
0
176
2998
0
883
0
1272
0
2844
0
0
3078
0
0
0
0
1348
0
0
2488
0
1612
0
0
0
0
4766
4291
0
0
0
0
0
0
4186
0
0
0
471
0
1539
0
3235
0
832
3173
3373
0
0
0
0
0
3146
4035
4618
0
0
76
534
0
0
1614
0
227
0
4553
0
0
0
394
0
0
838
0
4785
0
0
0
0
0
4167
0
78
135
0
4564
4041
0
0
0
0
0
0
0
3525
718
2948
0
0
0
0
2315
0
0
0
0
0
0
526
0
0
0
0
0
4131
0
0
3124
0
4759
0
0
4361
0
0
0
0
0
0
555
0
0
2429
3957
294
3363
0
17
0
0
0
314
0
0
0
187
0
0
2161
3329
0
0
0
750
0
0
0
0
0
0
0
4044
1785
0
0
0
25
2305
0
667
1060
1859
3881
1917
2445
4508
1349
660
4602
0
2527
132
1536
0
0
104
0
3562
0
0
0
2328
921
0
75
1511
0
0
0
4416
0
0
0
2320
1634
0
3362
1038
3716
0
0
2851
0
3240
4750
1504
2279
0
0
0
1351
0
3147
0
4389
0
3418
4212
0
4307
2859
0
0
1733
0
0
4109
4320
2407
3581
0
0
0
0
0
0
2932
0
0
0
2234
0
2965
0
0
0
2603
0
3259
0
0
0
2568
0
4607
0
0
0
2846
0
2786
2354
0
0
0
870
3767
3191
597
3734
4639
0
4608
0
1451
0
0
3306
0
4507
0
3396
0
2364
0
0
4558
0
0
0
0
0
0
0
4099
0
0
0
0
0
0
0
1630
0
0
2773
0
1672
0
2291
950
0
0
0
0
2764
2357
0
0
0
3164
3133
0
4156
0
1974
2694
3883
0
4330
3991
0
0
1371
3945
4169
0
0
835
0
0
0
3132
0
3741
3827
1417
602
829
0
954
1128
3201
0
0
0
4366
0
2267
0
0
2323
0
0
0
2567
0
0
0
0
0
3197
0
4285
4369
2757
0
0
1613
0
0
4603
0
4503
3419
0
0
0
3834
1629
0
1570
0
1737
0
0
0
0
4510
4809
4794
1307
0
3148
0
0
3169
0
2595
3205
0
0
0
0
0
0
0
2451
0
0
2701
2744
1981
0
3443
0
884
0
0
3065
0
0
3652
0
1869
867
0
4163
0
0
3904
1066
0
0
0
0
2913
216
0
415
0
1226
1442
1285
1675
3764
0
0
0
0
0
0
0
0
0
4778
0
0
0
3162
3458
0
0
0
0
0
0
3541
827
706
1206
2253
1306
0
0
0
1668
0
113
0
3170
0
0
2641
2918
957
2699
2465
73
3394
1800
4725
2331
0
0
1645
0
0
0
2690
0
183
0
0
0
0
1501
1207
0
2569
0
0
186
4353
3743
0
3828
0
0
0
3575
0
0
0
988
0
0
2355
0
0
3605
0
2574
3391
528
0
4804
0
0
0
0
0
0
0
0
205
0
3943
0
0
0
0
0
4141
3959
3536
0
0
0
0
4125
1694
0
0
0
0
1439
134
0
1653
0
826
788
1580
469
0
0
0
3691
0
0
576
0
3377
0
0
0
1139
0
0
0
1777
0
3231
0
991
2000
0
0
0
2438
0
0
0
2762
0
0
0
1092
0
0
0
1330
2368
0
2177
3276
0
0
0
4413
0
0
0
0
1257
0
0
2292
0
0
0
0
0
699
0
4174
0
0
1857
0
0
0
0
0
0
2358
573
0
2626
0
0
3537
0
3260
1284
3762
0
0
4504
177
0
0
4604
3864
0
0
0
0
0
0
0
0
4795
0
4209
0
1906
0
4597
0
226
0
4139
2301
0
878
0
0
0
0
0
3833
2714
0
4284
0
56
1577
0
0
1352
2539
111
0
225
0
3032
0
3395
0
0
862
0
215
0
0
0
724
1255
0
1647
1090
0
0
0
0
2008
0
0
3585
0
2993
955
0
1034
737
0
2935
0
0
0
3426
4370
0
1832
859
0
0
1288
2306
0
0
4626
0
0
0
4102
0
976
0
842
1669
0
0
0
0
0
3973
1269
4178
4763
0
947
0
0
0
0
0
0
0
1912
4391
0
0
885
4232
0
2572
0
0
57
4764
4498
3888
4694
0
0
0
0
969
0
502
2238
0
0
4020
0
0
4276
0
0
0
701
1510
0
0
0
0
0
2132
1233
0
2745
0
0
0
1611
0
3498
0
0
0
0
0
0
0
3367
0
3859
0
0
0
0
0
0
0
0
0
1528
0
4365
0
0
2666
20
0
0
3387
3081
3112
1776
0
0
0
4352
0
0
0
1572
0
4396
3890
0
0
106
0
0
3421
0
986
0
0
0
0
2130
0
16
0
0
2278
1721
0
0
0
0
0
1125
0
0
1556
4364
0
2326
873
2985
3613
0
4282
2157
0
0
3497
4802
4223
2981
2975
2969
1267
0
0
0
3798
2774
3936
0
4575
1554
0
498
0
0
2674
0
3060
1997
1276
0
1205
707
0
2311
853
0
0
0
0
3795
3093
0
107
0
0
0
0
3296
0
0
0
0
0
2899
3738
0
1579
2842
0
3347
0
571
0
949
0
0
4347
69
1818
4606
0
4371
3604
0
2692
876
0
0
4796
0
0
4019
0
855
0
0
4392
3080
0
0
0
0
4098
872
1811
1784
0
0
1551
3366
0
0
0
0
112
0
2581
585
0
2365
593
0
1725
72
2308
0
0
0
1513
0
0
1780
4082
0
4351
0
0
0
3577
0
0
985
0
0
3607
0
3858
505
4753
2108
0
3501
0
0
1187
496
0
0
0
0
0
0
4616
0
0
2828
0
0
924
1503
3892
2145
0
0
3168
4777
0
0
0
0
0
0
0
0
525
0
0
1471
1122
0
0
2363
0
0
0
3288
0
1037
0
1646
2625
2004
1476
3996
3887
4551
110
0
0
0
1133
0
0
0
3799
0
0
0
2917
0
1454
1701
0
0
1287
0
0
4595
0
1890
0
856
0
0
3237
3522
0
0
109
0
4511
0
0
0
4499
3028
0
3794
678
0
2681
1190
575
1437
2991
0
0
0
0
0
0
2467
3372
0
4362
3158
0
1871
500
0
0
2310
0
2362
0
0
2997
2660
901
3954
3997
0
4598
4015
1449
0
0
0
0
1842
3543
0
0
0
0
0
1428
0
1450
0
0
0
2138
0
0
2652
0
722
3190
0
4622
3365
0
0
684
0
0
2910
0
0
4792
2911
0
0
1821
2158
0
0
0
0
0
3496
0
1992
1502
26
0
0
886
4101
2936
0
497
4289
0
0
1814
2705
3946
0
0
2914
2571
0
4104
0
4410
3375
0
3740
4165
3880
0
0
0
494
1535
189
3236
0
0
1990
1372
0
0
0
0
0
4563
0
2135
845
0
220
4039
738
4526
3303
0
0
0
2856
0
0
0
3479
0
0
0
0
0
0
677
0
0
0
0
0
4719
0
475
0
681
665
1438
0
0
0
0
0
1736
2909
0
0
0
0
0
1828
0
0
4154
2186
0
2121
1673
0
0
2989
0
1156
2443
1856
219
3380
1815
0
0
55
2119
1650
661
0
3769
0
0
0
3766
1909
0
0
0
3975
1571
4054
0
3334
0
0
0
869
0
0
2854
1067
0
0
0
0
0
0
0
0
1061
0
0
1020
0
0
2966
3857
0
3198
1326
0
0
158
3669
2182
0
1477
0
0
3559
0
705
0
0
0
1998
1508
2992
1827
0
1240
4629
599
0
3125
0
0
0
2180
0
970
2707
0
0
0
1531
0
2850
315
0
0
0
4367
4180
4210
0
0
676
0
0
0
3944
2759
748
0
0
4646
0
0
4562
1738
2006
3583
1516
0
0
0
1154
0
0
386
3293
2204
0
0
1980
0
2187
831
2678
749
590
506
3879
0
0
3301
4810
0
4219
413
2190
0
0
4506
0
4716
0
1332
0
2827
0
0
0
1068
903
0
3797
1500
2117
877
0
3606
0
0
1617
0
1150
4614
0
0
0
0
0
3225
28
902
2146
1134
2600
0
0
0
0
260
0
0
2160
0
2455
0
0
0
0
4421
0
0
0
192
0
0
0
1943
4418
2294
0
3464
0
240
0
2669
0
0
3540
0
2748
340
0
0
0
0
2580
1530
0
2670
0
0
0
0
0
0
4752
1676
0
0
3224
0
0
4155
0
0
0
0
3560
0
1834
0
4697
2596
0
3371
0
1973
4762
3829
0
0
3086
4751
4184
0
4122
4805
0
2562
4288
0
1131
4105
0
0
4148
0
881
0
0
841
0
0
0
0
0
865
4696
0
3161
0
0
1664
0
696
2421
0
3742
0
3150
0
4502
0
0
3149
2133
457
2968
0
1826
527
52
2709
0
70
2353
4283
0
2999
791
0
4069
741
228
0
0
0
1048
0
0
572
0
0
0
0
0
2752
747
3460
974
0
0
0
3941
1035
0
0
680
0
1918
2825
0
0
0
4625
0
58
4723
0
0
1507
0
0
3863
0
0
0
0
0
0
4509
0
3527
0
1135
2275
0
0
3226
0
0
0
0
0
0
105
3670
0
0
0
0
0
0
0
0
0
0
952
4225
2456
0
0
0
4259
629
472
0
0
0
2972
0
0
3063
0
0
0
723
0
0
0
0
0
2246
0
0
858
0
4077
0
0
1609
4149
3826
0
290
0
2287
0
0
430
0
0
4776
0
313
1271
825
0
4807
0
3735
2491
4500
0
0
3971
2858
0
1682
0
0
0
0
4599
444
828
0
0
951
1155
2322
0
0
0
0
0
0
0
2765
3763
1006
0
0
0
2542
0
0
3521
834
0
0
0
4713
1615
2604
2775
0
0
0
1778
0
4040
470
0
0
0
1976
727
0
0
0
1143
0
0
3860
0
0
3257
2843
0
357
4049
0
0
0
4124
0
4786
0
4409
3939
0
0
3862
0
0
4760
0
0
3611
745
0
0
0
0
0
2810
4166
2675
0
0
1538
0
1908
2845
0
3970
4781
0
0
0
0
4494
4070
0
0
0
0
2708
0
1329
1136
0
679
4767
0
0
0
1659
0
0
790
0
570
919
3729
1279
596
0
0
0
0
0
3524
2281
0
580
0
0
0
0
0
0
3964
0
0
636
2321
0
1534
0
0
980
0
0
0
0
0
0
0
271
0
0
3832
0
0
0
0
2464
630
0
0
0
0
3958
0
0
0
0
0
3661
3495
3576
0
0
0
3126
0
1273
0
0
1227
3969
0
4036
0
2300
0
0
2704
2189
675
0
0
0
0
4574
3949
474
1651
2428
0
0
0
102
327
1783
0
0
0
0
0
4505
0
4721
3624
3392
3307
958
0
0
2700
0
0
0
0
0
4394
0
2655
0
3374
0
4133
0
0
0
3612
0
0
0
0
989
4735
0
0
0
0
0
0
0
0
2248
2271
0
0
0
2575
1606
719
0
0
4073
1208
3030
0
0
0
0
3062
224
2506
3297
0
0
3128
2005
0
0
0
4450
4761
0
2298
4812
0
0
0
4126
0
0
0
295
0
977
1397
0
0
975
1840
1368
0
2676
0
0
2327
0
2131
0
0
0
0
0
1282
704
0
4390
1232
0
0
1305
0
0
0
0
2801
3745
0
0
0
3092
0
0
0
0
2309
4698
0
0
0
914
0
0
3390
0
1238
0
4692
0
0
3534
0
0
0
1473
0
3476
2702
4140
4172
0
0
0
3302
0
3262
0
4619
3603
3701
2439
3055
922
868
4724
0
4038
0
0
4273
0
0
3029
3220
0
2268
0
3199
0
0
915
0
0
0
405
0
0
504
0
4084
640
0
0
419
0
3968
2295
1618
2282
3424
0
0
0
1670
2136
0
4051
3165
0
0
0
0
0
0
0
1858
0
289
0
577
0
3073
3625
0
0
0
0
0
1094
0
3459
530
1419
4420
0
0
0
1091
3526
2252
0
0
0
0
0
0
0
1277
0
0
1862
1389
261
1575
0
4412
0
728
0
0
2048
341
2987
0
4274
0
3907
0
4016
2251
4612
0
1765
0
0
0
0
0
0
0
1153
3993
0
0
635
0
0
3976
0
1844
0
833
4529
0
0
2564
0
2214
0
0
0
0
503
1325
3935
0
0
0
4552
2143
0
4548
0
0
0
4013
0
631
0
4465
0
2469
1331
0
4048
0
2659
1475
0
0
0
0
0
0
0
0
0
0
0
812
0
0
0
4173
1478
3538
4045
4555
2973
0
0
0
784
4478
0
2852
0
0
1683
1344
4107
0
0
3389
2934
0
968
533
2642
0
1421
0
1819
0
0
0
293
0
0
372
2444
4811
0
734
2288
0
0
0
0
2181
3305
0
1861
0
2120
2971
0
0
0
0
0
1740
0
0
3909
3393
0
0
0
27
0
0
733
0
3995
0
0
0
0
0
0
0
0
0
3477
0
0
0
3463
0
1975
0
0
0
1841
0
3908
3688
0
2602
0
4717
4695
1868
3906
0
0
0
3831
0
0
3462
3793
0
0
0
0
0
0
0
3399
0
2654
0
0
3966
0
0
4151
4222
508
0
4417
0
1132
4138
0
3824
3956
0
0
3085
0
2441
3398
2771
3171
0
0
0
0
1354
1350
2770
2776
2382
3796
0
0
0
0
0
291
0
0
4617
2351
0
0
0
0
2457
0
1812
0
1343
0
0
1453
0
0
1920
4130
0
3645
114
971
0
0
0
0
0
0
0
2461
3159
190
0
0
0
0
0
0
1860
0
0
0
4601
0
2657
0
4152
3698
1328
0
3963
2127
4231
4559
0
3523
1526
0
0
0
0
0
0
1550
863
0
0
0
3378
0
0
0
0
0
0
746
0
0
0
0
0
669
0
4052
0
0
1130
0
0
0
80
0
0
0
0
1309
2276
0
2826
0
3580
0
0
0
0
0
535
2063
4628
3736
0
4684
0
0
0
131
0
0
0
3064
4344
700
740
1870
4547
3193
1509
1855
0
4240
0
0
0
0
0
0
0
0
0
4755
0
3376
3304
0
0
0
3071
0
0
0
0
4531
4793
0
1829
0
861
2356
3061
920
0
0
0
0
0
297
0
0
0
0
0
3692
0
2743
0
0
1266
574
0
0
2763
4233
0
0
0
0
1817
0
0
2459
2094
0
0
581
2857
1718
0
2715
0
4605
0
0
0
0
0
0
0
0
3221
0
1719
0
0
0
3386
0
0
0
3587
0
2982
0
3291
0
1573
181
0
3586
0
0
0
739
1142
0
2324
1674
0
0
0
3300
4123
0
0
0
0
0
2543
4147
4419
0
4783
1265
3572
0
0
0
536
0
0
0
0
0
0
0
2313
3807
3500
4415
0
1916
0
0
0
1346
758
4814
0
0
0
3475
3122
0
0
4768
4153
0
3574
0
0
0
643
0
0
3782
0
4806
0
1867
4477
3974
0
1270
0
1355
4348
0
0
1308
0
3261
2820
0
0
0
0
2888
0
0
0
0
0
0
2995
3059
103
4813
0
2458
1234
0
0
0
0
0
0
0
2573
3697
0
0
2544
0
1084
3533
0
1420
0
0
0
0
2822
4103
837
1140
0
4388
0
3765
0
0
0
0
3539
4161
0
0
0
0
0
0
2431
0
3157
0
904
882
288
1274
0
3875
0
3499
557
1443
0
2986
0
588
2750
2034
0
0
0
556
4593
0
1982
0
0
0
0
501
2312
3088
1671
973
179
854
4712
0
0
0
0
0
0
3699
0
0
0
0
0
0
0
2147
0
523
3397
4615
0
0
221
2002
0
0
4076
0
1616
0
2148
2627
0
317
0
0
2244
0
662
3962
3703
0
1281
1186
664
21
182
4053
0
0
0
586
4162
2712
0
2576
1905
2747
875
4068
0
0
591
0
2601
0
1149
2710
0
0
0
2713
3031
0
0
0
507
0
880
4164
2487
0
0
3166
0
0
0
0
1127
2329
0
0
0
0
0
0
175
0
0
0
0
0
0
4722
592
598
4693
92
0
0
0
3238
0
0
1236
2686
0
0
2688
0
3627
0
0
0
0
1716
0
0
4175
1977
0
0
0
0
0
0
0
0
0
0
0
0
0
0
1592
0
4561
3480
0
159
2422
1209
3696
0
0
2446
0
0
1813
4596
0
316
2731
3999
0
4528
583
133
4146
2682
1474
0
1578
4801
1824
2683
0
1426
0
1839
846
0
3730
0
2937
0
1290
772
0
0
3230
0
1151
2302
3072
2656
0
3528
0
4275
0
522
0
0
4689
0
0
0
0
2062
19
0
0
0
0
2188
0
916
0
0
0
0
1152
0
0
0
984
0
1991
0
2976
0
2605
0
3258
2250
1648
0
0
0
0
866
0
0
0
0
972
0
0
0
3200
0
0
0
0
0
2665
0
0
0
0
0
0
2462
3156
0
3768
2916
0
0
3584
2566
0
0
0
0
0
0
1188
0
0
1347
0
298
0
0
42
0
0
0
0
0
71
0
0
0
0
1833
0
0
0
0
0
2156
4018
0
0
0
0
0
1533
0
0
2994
3805
0
0
857
1937
0
0
2628
0
4782
0
2990
4346
918
0
0
416
0
0
0
4083
0
0
4230
0
2915
3203
4187
0
0
982
0
3234
0
0
0
2685
0
0
4613
0
1555
0
0
0
685
1327
0
0
0
0
0
0
0
0
2772
0
2756
0
1059
1576
2270
4784
0
0
0
3628
0
0
4074
0
0
0
3222
0
3241
0
4765
0
0
0
278
0
0
1065
702
4188
0
0
0
2983
2570
2490
0
3739
0
3223
0
0
2366
0
4556
3204
0
1333
900
0
499
0
0
3865
0
0
2272
0
0
1286
0
222
2751
0
0
0
3573
1717
3948
3804
0
1370
0
0
0
0
473
0
0
755
4177
0
0
0
698
0
2823
0
0
0
1660
642
0
3255
3015
0
4600
0
1422
0
0
0
0
0
0
3320
2684
2874
0
0
0
0
2516
990
0
4075
4171
1633
3131
0
0
0
414
0
0
0
0
0
2454
193
0
0
3385
0
1831
1610
1452
0
0
3571
0
74
2853
0
3079
3121
0
0
0
0
0
639
0
4037
4211
0
0
0
0
0
0
1088
0
2408
0
0
4182
0
0
3113
0
0
0
0
0
4711
0
2447
3626
0
0
874
3806
0
0
0
0
0
0
0
3388
0
0
262
0
0
4181
0
1064
1423
4132
0
0
0
1914
4170
0
0
2668
0
0
584
0
2497
0
0
0
2931
0
15
0
0
0
0
0
1123
0
479
0
0
0
0
0
0
2231
2653
1063
2667
0
0
0
0
0
0
0
0
0
417
4709
0
1258
0
4176
0
0
830
0
3379
0
0
0
1062
3057
4359
531
191
0
1713
754
1424
0
0
0
4754
0
0
0
4532
0
4185
4620
0
3878
0
0
3965
0
0
0
0
4168
4345
4137
4213
1529
735
0
0
2440
0
0
2746
0
0
2352
0
0
0
725
467
0
0
0
0
0
0
0
4189
0
4718
0
3094
0
1532
0
0
3425
2599
4387
0
418
0
1989
0
0
0
3111
0
0
0
981
0
0
0
0
292
633
1979
258
721
0
0
1739
0
1600
0
1667
0
2212
0
959
0
4235
0
0
3232
0
4072
0
0
0
0
0
0
130
0
0
0
4769
4237
0
0
805
1440
3294
0
2299
3263
0
4670
0
1310
0
923
0
1334
4145
0
2021
0
0
2687
2077
0
0
0
0
2134
0
0
0
2563
0
0
2821
0
4207
2297
0
0
0
0
0
0
2144
0
2565
3602
4414
0
632
0
0
0
0
2437
0
0
0
0
0
4047
0
1552
54
3502
0
0
0
0
0
0
0
0
0
0
1239
0
0
0
0
666
0
2540
0
0
0
2673
1852
663
1810
4496
0
0
4621
1781
0
0
0
1335
2758
0
0
0
1490
0
0
4720
0
953
0
2003
1922
412
2249
0
1830
0
0
0
1662
0
0
184
0
0
1816
2460
0
0
0
2706
0
4236
0
0
0
0
0
2325
1907
2128
0
0
0
0
0
1884
0
1782
0
0
0
0
3882
0
1126
2269
1093
0
0
0
0
3090
587
0
4150
720
3457
2912
1185
1654
0
3846
0
0
3127
0
0
0
0
579
0
4110
3686
0
0
4623
0
0
0
2970
0
871
3694
3420
0
4710
2671
3461
0
0
2232
0
0
0
0
1148
0
68
0
4108
1568
2974
0
0
860
0
674
0
0
0
1425
0
0
2873
824
0
2691
0
0
0
0
287
0
0
0
2492
0
0
0
0
0
0
2463
0
3689
1225
3058
0
0
0
0
4085
0
0
53
0
0
223
0
217
393
3938
0
2427
3172
3194
0
2280
3994
1652
0
2296
0
0
0
0
3542
493
3998
1987
1649
2689
0
0
0
0
0
0
4368
0
3967
0
0
0
0
0
0
0
948
0
4106
0
3693
844
1983
3478
1268
1280
3808
0
0
0
2933
0
3189
4530
3239
296
2848
4179
0
668
3042
0
0
0
0
2233
0
1367
0
3167
1680
0
0
0
141
0
0
0
0
0
0
0
0
0
0
0
4497
0
0
0
3087
601
0
4239
0
4033
0
0
4238
3702
0
538
1256
0
0
0
2185
0
0
0
1342
0
4221
0
4286
0
0
0
4624
0
0
0
0
2679
3910
0
0
0
0
1472
0
0
0
0
0
1574
3925
4183
0
0
3455
4655
1843
0
0
787
0
1608
0
3861
3233
0
0
3630
4014
2761
4208
1512
0
0
3955
0
4627
0
2247
3129
4411
2137
2452
2367
1341
1086
0
0
0
2424
3075
1632
2849
3687
3961
0
0
0
682
0
0
2293
1147
0
2425
2597
0
0
0
0
2129
0
1677
0
2453
0
0
0
3610
0
0
0
0
0
0
0
2154
0
0
0
1661
0
0
0
2290
0
0
0
0
0
0
3465
3256
0
4281
0
4017
4100
1663
2426
4594
0
3947
524
4360
0
108
0
0
0
0
864
0
0
218
3629
0
0
2466
1921
0
2230
2229
0
0
4135
1820
0
3535
1157
0
0
2423
0
0
0
3934
0
0
0
0
3891
0
978
0
3192
0
0
0
0
3295
0
3368
532
0
1903
979
2693
2766
1345
0
537
0
0
2829
1825
4560
0
2579
0
0
0
0
0
4220
2996
259
0
1444
0
3292
0
0
3369
0
616
3151
757
3609
0
4787
2159
0
0
0
0
0
0
2468
3579
0
0
3227
0
2432
634
3737
582
0
4550
0
3076
641
0
0
0
0
2277
0
0
2007
0
1904
0
0
0
0
0
0
0
0
0
342
0
0
0
0
3889
0
0
0
0
1915
987
3532
4290
0
0
1235
0
1631
0
2215
1515
2598
2967
4214
2964
0
0
0
736
0
0
1755
0
3942
0
1553
0
0
4791
0
2397
4071
0
2749
0
2314
0
0
917
0
0
0
0
4224
3202
77
0
0
4234
0
0
3422
3700
0
0
0
0
0
3631
1289
185
983
0
0
0
0
1978
1260
4349
0
3582
0
0
0
4121
4393
2578
0
0
3077
847
2442
4435
0
2984
