0
0
1941
0
3813
3730
0
0
0
0
3849
0
821
974
122
0
0
0
0
6427
0
3301
1814
0
5536
3198
3129
937
0
0
0
4504
0
0
0
1065
0
0
0
0
5222
2427
1939
2569
0
3792
0
0
0
6237
5505
0
0
0
1288
0
5133
6447
1930
0
0
0
0
0
0
0
3514
0
0
0
0
5687
0
0
926
3289
0
2726
0
0
5715
129
3435
0
0
0
3597
0
0
280
0
0
0
0
0
0
2654
0
0
6141
0
0
0
0
6103
3000
0
0
2311
6176
4522
0
6451
1813
0
0
0
2820
0
0
0
0
0
4402
0
0
0
0
0
0
5075
0
0
0
484
6668
0
0
0
0
2594
0
2307
0
0
4852
0
5393
0
0
0
0
0
0
721
5751
2316
0
3351
0
2038
5141
6085
0
2735
2426
1298
4383
677
0
0
0
1795
0
0
0
0
0
0
1012
728
0
0
0
2016
0
0
5700
1022
0
80
0
0
4158
0
0
0
3300
0
0
2166
0
0
4375
383
0
0
0
0
3749
5428
0
0
0
0
679
0
0
4662
4315
0
0
0
5336
0
0
0
0
0
0
0
0
3491
0
5098
0
1864
2416
0
0
3785
823
6406
0
0
6364
4090
0
0
6231
0
0
393
0
0
804
1502
492
963
3950
0
0
3745
0
0
0
0
0
3047
0
1734
0
0
3732
2156
0
0
2685
4798
0
0
0
0
0
1290
5197
6438
0
0
0
40
1755
0
0
0
0
3952
1766
0
0
0
0
1472
0
0
0
0
5608
2259
0
5805
378
0
0
249
3461
2590
5065
3031
0
2890
564
0
0
1526
4626
0
1570
4227
1693
0
0
0
0
0
0
0
0
749
0
2908
0
0
423
0
4234
0
0
2538
2414
2021
2034
0
0
0
6418
0
0
1747
0
515
0
0
2201
0
5475
0
0
0
0
0
0
2872
6667
4572
0
0
0
0
6682
6618
0
0
0
2747
0
1130
0
5786
1083
6638
0
0
0
6679
332
0
882
1165
155
3320
0
6192
0
0
0
2857
4596
0
0
2026
0
3105
28
0
0
0
0
0
0
2041
0
3763
0
0
157
0
683
1631
2648
431
0
0
5937
4085
4858
0
0
2443
0
147
1743
4600
582
0
0
4263
0
0
0
6337
6032
0
0
159
5250
0
6053
4725
0
5851
0
0
0
0
0
0
0
0
0
0
3918
5870
0
0
1047
6453
0
0
0
0
5496
0
1975
680
0
4397
0
0
0
0
451
2361
0
0
0
619
0
0
0
3283
3916
0
0
0
2483
3790
4536
0
0
0
4298
5063
0
2584
0
2744
4471
0
0
0
4561
0
6624
0
0
0
0
2927
0
3121
0
0
5695
145
0
5542
0
0
0
0
5419
0
674
2011
0
0
0
2948
3977
0
0
0
0
0
2680
0
3629
2847
0
0
0
0
5152
4485
3760
0
3940
3123
567
2460
0
0
0
469
0
0
3696
3559
0
0
3093
983
437
0
0
0
3762
4943
0
0
5279
0
2513
0
0
4532
0
0
0
354
3707
4251
0
0
0
0
0
0
0
0
0
4597
0
0
466
0
0
0
1989
0
310
4352
0
41
2351
0
3168
3245
0
0
5642
0
0
3948
6369
5539
0
0
3493
0
6309
0
0
433
611
238
0
0
0
0
1560
0
0
102
0
0
0
0
0
5076
5546
0
0
0
52
758
0
2818
543
0
5301
4311
0
5832
0
0
0
4606
0
0
5581
0
0
0
2597
304
0
0
0
2912
1824
5688
0
0
0
0
885
0
0
2544
0
530
90
0
4778
0
5698
0
0
0
1903
0
3440
0
806
3173
0
0
0
0
0
0
4037
4592
0
0
3185
6524
384
4416
0
5666
0
2122
790
2308
0
0
0
1143
0
0
2973
0
174
0
4072
0
4835
0
0
935
0
0
0
0
1137
2856
0
0
3619
3866
0
0
0
0
0
0
6225
1221
6680
0
0
1823
0
3437
0
5489
0
0
0
0
0
0
2562
0
3942
0
0
0
0
896
0
0
0
0
82
0
0
0
0
0
0
0
0
0
0
0
0
112
0
0
4324
3809
0
0
0
0
0
3266
4208
4400
0
3549
0
0
0
0
1992
0
0
858
0
2309
4035
824
2040
1355
0
0
0
0
1797
1058
0
0
78
4006
0
0
0
0
0
501
5109
3810
0
0
0
0
0
0
0
2458
4330
6500
0
3958
0
0
0
0
1406
0
0
0
0
3694
0
263
0
0
3912
0
5337
0
0
0
0
0
0
4719
0
6511
0
1880
3615
6552
5011
0
0
0
4089
0
0
1258
4213
0
5398
0
0
2776
3605
6299
0
5110
0
0
6357
6128
0
1861
0
599
0
4819
0
1671
514
2548
0
0
0
1453
0
0
0
0
5196
0
0
0
2218
0
0
1116
2439
0
5749
3805
0
2656
2095
0
0
0
1738
4065
0
0
2291
3964
0
0
0
4228
3226
0
4135
0
3126
3302
0
0
0
6265
726
0
442
5253
6472
0
0
703
0
3793
673
1432
1280
0
6630
1212
0
0
0
0
0
3670
0
0
3268
3233
2320
0
0
1982
0
1662
2547
0
0
3350
1021
0
0
943
5194
2134
0
5540
0
0
0
0
0
0
5400
5278
0
3723
2682
0
0
0
1506
6196
3128
0
1988
5708
0
676
0
0
0
0
2977
0
0
841
0
1120
3127
2375
0
0
0
0
1102
6554
0
5358
0
0
0
0
0
6439
2795
6017
0
0
0
1947
3262
0
2216
3787
0
0
1552
5506
0
0
0
0
0
261
1905
0
3788
2249
0
326
0
419
0
3290
0
0
445
0
0
0
0
0
5533
0
0
0
1733
0
6105
0
5096
0
0
0
0
0
0
0
3434
2796
0
0
0
0
0
0
3667
5544
0
5986
5877
3888
0
4440
0
0
0
0
0
4203
0
2359
2519
0
0
0
4738
0
0
0
4553
0
0
0
5815
0
0
0
0
5353
0
4041
1736
2919
0
0
0
0
0
478
5978
0
0
1189
0
2644
4002
4100
2093
5399
0
5904
2256
0
2952
0
4855
0
0
0
0
0
1670
0
0
0
0
0
0
3921
0
258
0
0
2842
81
961
0
0
2425
0
0
0
881
0
0
6481
0
0
2989
5935
2575
0
0
3444
0
0
0
0
0
0
0
0
3112
2234
0
2988
0
3799
5537
0
0
6191
0
5067
0
675
4437
3782
3724
0
0
0
1985
1484
3988
4917
0
0
0
0
0
6070
4540
0
0
0
3677
128
0
0
5060
2900
2574
0
0
0
0
0
0
2561
0
0
0
3506
0
0
71
4384
0
0
1860
0
5880
0
346
0
0
0
0
512
0
0
3610
349
0
0
3546
0
3032
0
0
0
2681
0
4479
6167
0
181
0
0
2884
2478
0
6147
0
0
6553
4444
0
0
5026
764
3913
4144
0
0
0
0
6558
5840
2725
6571
4727
0
5300
5233
5107
0
5591
0
0
6086
0
0
0
2942
0
0
1318
427
0
0
0
0
4975
0
0
0
934
0
4514
39
0
0
3244
3232
0
2553
4845
0
4358
0
0
0
0
3295
3924
6681
3551
0
0
4051
4484
0
0
0
4537
0
0
0
6623
5652
0
6449
0
0
4629
1638
3841
2607
574
1468
0
4630
0
0
0
6149
0
0
0
4680
4173
0
0
3407
0
2752
2794
0
0
0
0
0
4873
0
4393
0
3659
6433
2775
0
0
6658
871
0
0
1963
2224
0
6327
4760
0
0
513
0
772
4040
2450
3447
0
0
3103
0
2214
0
0
3489
0
0
4728
0
0
0
0
0
6010
4672
5272
1408
0
0
0
1976
0
2456
0
0
0
0
0
417
0
2540
0
5192
0
1991
4123
5998
693
3699
720
0
3784
0
2056
0
3550
0
6653
0
5723
0
3607
5678
0
0
5080
1448
0
1819
0
0
0
0
0
5273
0
0
119
0
5097
5942
6001
2128
0
0
2930
1334
2749
770
0
2740
0
0
0
0
4344
168
4223
0
0
4252
3914
2995
0
0
0
6604
0
0
0
835
2499
0
0
307
0
0
0
0
0
0
1183
893
1277
4977
4453
401
0
5223
0
0
0
264
0
0
5054
0
0
0
2615
0
3134
0
0
0
0
141
0
3488
2066
4746
0
0
5592
0
4345
0
0
0
0
1820
0
0
6523
0
4777
4734
0
2360
6214
0
2718
2015
0
0
0
0
3808
0
0
0
0
1020
4306
0
0
0
0
2543
0
872
2819
0
0
0
0
0
6556
6079
4617
0
3616
0
0
1240
0
2337
825
2142
0
0
1138
0
2862
6153
5538
6363
0
0
148
0
0
3600
2766
1783
0
2568
0
0
0
0
3570
2913
0
0
0
0
1161
5706
6674
0
5414
0
0
0
3609
6318
0
0
0
5790
4343
702
0
0
879
0
0
0
0
0
0
4219
0
1835
0
0
0
685
5302
1987
0
2620
0
6437
0
0
516
0
0
3919
0
0
0
2019
0
2901
1412
3812
0
6436
0
0
0
0
0
4381
0
2266
0
0
0
0
2652
0
6163
5684
5710
1495
0
0
0
0
5956
0
0
6616
0
0
0
0
0
549
0
0
0
3242
103
0
460
0
0
0
0
1891
1592
5676
4153
0
0
4792
4731
0
4357
430
3528
0
0
1452
0
789
0
0
0
0
6246
0
1503
0
0
0
737
1145
0
4516
0
0
6660
2271
0
0
0
3722
290
289
0
268
3104
3153
0
0
0
0
6574
0
0
5485
3215
0
3728
2116
3027
0
3845
0
4867
2910
4750
0
0
1614
784
0
0
0
0
0
0
0
0
5969
0
0
5308
3939
4732
0
0
0
0
0
0
2782
4631
0
0
0
0
0
0
0
6461
3815
0
0
0
0
0
5123
0
0
0
5648
1345
0
2686
0
0
0
0
0
0
3140
2422
0
2464
6146
0
4185
0
0
0
626
6334
6264
3468
0
0
5951
0
0
0
0
2465
3321
0
308
4210
0
0
0
566
511
0
2807
5831
0
448
3130
0
0
3783
1034
0
0
4974
286
2638
0
0
0
0
0
0
5514
0
0
66
5543
1346
0
5941
0
0
6063
0
0
0
0
4988
1689
2244
0
0
0
0
0
0
1186
996
938
2507
5480
0
0
0
4956
0
0
0
4110
0
248
0
0
5282
1141
0
3397
3525
6099
0
0
0
5195
2530
0
0
0
0
5541
0
842
0
0
0
0
447
0
5160
0
5511
3601
0
2946
0
3051
3974
0
0
0
0
0
0
1287
0
2529
0
0
0
2804
0
0
0
3218
0
4538
0
3871
0
0
1825
0
2891
0
0
5148
0
0
0
1044
0
0
1983
2994
6039
0
5255
0
4068
0
3399
0
0
0
0
0
864
0
5709
63
0
0
0
0
0
5032
5772
0
6609
0
0
4745
2466
3267
1721
0
6371
0
0
0
0
5862
0
0
4159
4379
1489
5677
5248
5390
1075
0
4442
3640
4612
4749
0
0
496
2094
1361
0
0
6615
0
0
0
0
0
0
1279
0
5033
0
0
0
0
0
3946
6678
0
0
0
0
0
3636
0
0
0
3052
338
0
3416
42
3995
5418
3973
0
0
0
421
196
6040
4987
0
2049
0
0
104
4093
2488
5651
6573
0
0
0
0
5455
0
314
0
4310
0
0
0
0
0
0
0
3125
0
0
156
571
0
0
0
4222
2176
0
4526
1682
0
0
1348
0
2215
618
0
1610
0
3247
1144
5909
0
0
4804
0
0
0
0
6164
0
0
2515
0
0
0
2423
2296
0
0
0
0
2468
6381
5649
4066
0
1241
0
0
1311
1623
0
0
0
0
681
0
0
0
0
0
0
0
0
4615
0
2342
0
0
0
0
1769
0
4248
3854
0
0
0
5900
6285
0
0
0
0
0
3380
0
1806
0
4160
0
0
0
2777
1483
4628
0
0
351
960
0
0
0
0
0
0
0
3577
0
1488
4322
6252
0
0
0
0
0
0
0
0
0
3567
876
0
1844
2493
5593
2698
121
0
0
5833
0
0
0
0
0
0
1765
606
0
0
0
0
5132
0
3765
4048
224
5799
0
0
0
0
0
0
2821
0
436
4218
1107
0
4706
3431
0
5095
0
0
6583
4644
0
5915
1637
0
0
0
0
0
0
0
0
0
0
0
0
0
6625
1232
3330
4312
0
0
6675
0
0
6315
0
0
0
0
394
3807
0
0
569
0
1904
0
2970
0
6590
1956
3389
0
0
5432
5468
0
0
0
3024
0
0
0
0
0
0
221
0
0
3569
4885
1384
4174
3184
1677
573
4714
0
1851
0
0
0
0
4285
661
0
5274
0
0
3516
1914
0
0
0
6058
65
465
0
479
0
0
0
0
0
2623
0
0
0
2111
0
5619
0
609
0
0
0
0
4652
2545
964
0
0
30
5703
360
0
4700
3811
4176
0
4454
0
0
2704
0
0
3727
6555
0
0
0
3040
2381
0
0
0
6621
5454
0
3124
25
6430
1848
973
6222
3653
0
0
4143
295
5268
3945
0
4967
0
0
0
0
5699
0
2022
0
5895
2514
3145
3729
0
0
1863
0
5215
0
0
0
847
0
0
0
0
0
4021
0
35
0
1974
2390
1719
5939
5094
0
843
0
3941
0
3132
3135
0
0
6647
3487
0
0
0
444
0
0
5535
0
0
0
0
0
0
0
0
0
2651
4980
0
4567
1674
0
5236
5111
3585
0
0
801
3604
3417
3378
1542
0
0
2020
625
0
1810
5680
1906
5010
0
5431
6308
0
4947
0
2379
1084
4487
0
3158
0
2213
266
0
0
0
1684
0
0
3947
1757
0
1792
0
0
0
4360
1547
0
4503
2882
6326
6148
0
0
0
2328
0
0
0
2863
0
0
0
2743
350
0
3874
0
3804
0
0
0
5218
0
0
0
0
4455
4238
1126
0
0
1805
1672
0
1801
4240
0
5050
0
0
0
0
0
3726
5879
0
1343
0
5725
0
490
5953
0
467
0
5982
0
0
3996
0
435
5252
425
0
0
0
0
0
5420
0
0
742
0
0
1745
0
3460
0
0
0
4193
0
3743
0
6143
0
0
0
0
3608
2283
5020
715
0
0
416
0
0
0
0
0
0
0
294
5806
0
4305
0
0
0
0
0
0
4253
2676
6081
1278
6328
6268
0
0
0
0
1101
1818
0
0
4752
0
0
0
2350
1569
0
199
941
4608
0
1372
0
0
0
1712
0
2976
0
1110
0
2017
0
978
0
0
1815
5545
0
0
3381
0
5304
0
0
4413
2404
3231
0
0
0
3515
0
0
2979
4478
1115
0
2303
3436
4410
0
0
4415
6440
2179
4671
0
3303
0
0
262
0
0
5068
4092
0
4261
3715
1683
0
0
6084
563
0
0
5276
0
0
5767
0
0
3298
1331
2639
0
0
0
0
2915
3673
6145
2186
2010
0
3291
0
0
5201
0
4748
0
0
0
2055
6119
0
0
3420
206
5701
1261
1341
1900
0
3304
1986
0
0
3868
3969
0
0
4198
1808
4370
0
241
0
4550
0
0
0
2689
0
0
6217
2906
1347
0
4726
0
2759
0
4937
3786
0
0
0
2823
0
0
3041
2737
0
4492
1634
1317
0
1473
0
1663
0
4968
5822
0
0
0
5297
0
3764
0
0
0
0
0
0
0
4659
2032
0
1798
4627
0
5689
1266
2013
0
627
0
3867
0
1018
0
4849
2424
0
2742
0
0
884
0
0
1965
6083
3379
0
0
0
4264
0
0
0
0
5957
3529
5409
0
0
110
0
0
0
172
0
0
0
5518
6251
1461
3292
5792
0
5789
0
6033
0
0
0
0
908
0
1925
0
2322
0
0
3943
4138
0
5178
6452
0
0
0
6467
0
802
0
0
0
3880
0
2959
0
2498
6510
0
2824
6409
161
1417
0
0
6162
0
0
0
0
0
0
0
4184
0
0
0
0
0
0
3978
0
2262
340
0
0
3311
822
0
0
0
0
6082
0
0
0
5296
0
0
424
0
5305
1768
0
0
0
0
5062
1316
5348
0
2310
0
0
0
2445
0
1737
2916
694
0
0
0
0
6649
1383
0
5079
200
0
1063
0
0
0
189
0
0
0
0
0
0
3333
0
6422
4701
4535
0
265
0
4505
0
0
0
997
0
3072
0
0
5892
0
0
0
0
0
3202
0
3552
4468
0
1876
0
3139
0
3735
0
0
0
0
0
0
0
3358
0
1190
5219
0
4300
0
0
0
6129
0
4428
0
0
2825
3391
0
6132
6206
0
6607
4430
485
0
0
0
0
0
5846
1937
1540
3750
0
0
0
5312
0
2790
1270
0
2546
0
5752
1286
6594
3246
3353
0
0
0
0
591
2678
0
0
5793
0
1679
0
0
0
5548
0
0
3747
0
4427
605
6506
2092
0
0
0
0
0
0
5447
0
0
0
0
0
0
0
0
0
2463
0
4137
0
2288
3243
0
0
2230
0
3890
6656
0
5563
2679
474
428
0
3342
3527
6482
4057
0
1328
3814
0
0
4859
0
5881
1251
5374
0
5817
4909
0
0
0
4986
6493
0
3781
0
0
0
0
0
1250
2475
1402
0
0
0
1139
6473
5940
3862
5758
5660
0
0
0
3172
4134
0
0
0
1811
0
0
6575
1807
3193
5285
0
0
0
0
0
0
4913
0
788
2135
149
3355
0
5704
0
0
5220
0
0
0
0
5722
0
2812
0
0
5
0
0
0
0
0
0
3566
0
0
1875
0
0
6094
5490
4108
0
5625
5744
640
6307
0
0
0
4810
875
0
0
1867
0
0
0
6677
1433
1142
6245
0
5221
548
6550
0
0
0
5878
2091
0
0
0
6676
180
0
0
0
0
0
0
0
0
0
791
0
0
0
6330
0
2297
0
1756
0
0
2887
1827
0
0
2276
0
0
6626
3315
2039
1887
0
3445
0
5839
5974
0
0
1742
0
1936
0
0
2746
0
5448
0
6072
0
0
0
4156
3287
5249
0
0
0
0
0
0
5961
3920
927
6383
0
1640
5861
0
0
0
6547
0
3835
0
2914
0
3293
0
0
3241
3938
0
0
0
1705
1180
0
0
1487
0
0
0
5719
0
975
6019
0
412
0
0
1228
0
0
0
646
1664
0
0
0
1649
0
5748
0
0
4175
4613
0
0
0
5290
3352
0
5499
3249
0
5891
1373
725
0
0
0
0
1572
4080
0
0
4673
0
0
2563
0
0
1883
2984
38
0
0
0
0
0
0
0
3981
434
0
2060
0
2023
572
2035
0
4304
0
0
0
0
1023
5112
5667
0
0
0
0
0
6296
0
0
1741
4359
1374
0
0
2006
0
0
4314
1728
1299
0
6267
3671
3018
0
2327
1803
5791
1362
0
0
0
1639
6323
0
0
0
0
0
0
0
4761
1708
5602
2739
653
0
0
0
0
0
6448
0
0
0
0
0
5996
0
0
0
0
0
4721
5001
0
0
0
0
0
2396
1580
0
0
0
1112
0
0
0
0
362
2637
4417
3802
5036
5256
0
3865
0
0
0
0
0
0
3452
5046
0
0
0
1093
0
0
0
0
0
1219
4073
0
0
475
0
4346
6396
0
0
0
1758
0
0
0
0
2374
6456
0
0
0
2963
1643
1857
0
0
3253
0
0
0
1459
0
3828
1632
0
4998
851
0
0
6018
3660
0
0
0
5116
0
0
4036
0
1519
3322
5650
3674
0
0
1968
987
0
0
4119
1576
0
0
0
1816
4414
1553
0
0
5955
0
3789
6455
0
0
2075
0
0
3217
2702
0
4620
3250
3951
0
0
0
0
0
3791
0
6197
0
5186
0
0
0
1207
3131
420
0
0
3338
0
0
0
4914
0
0
0
0
0
267
130
2684
0
4694
3084
0
0
3071
0
0
0
6174
0
0
0
0
5183
2750
0
4339
0
0
0
4183
0
1522
0
0
0
0
281
0
0
3855
0
0
0
0
805
0
2902
0
1775
182
0
1117
0
0
0
6563
0
0
0
0
0
730
0
0
0
3603
0
0
2944
500
984
1710
2341
0
1776
506
2082
0
0
0
0
0
4412
402
0
1706
0
3108
0
483
6498
0
2401
0
0
5757
0
0
4155
0
6567
3505
1608
0
0
0
0
0
2162
0
0
0
6603
0
0
0
4978
5864
0
0
0
0
3777
5875
0
0
5151
240
0
1865
0
0
239
0
0
0
0
0
0
142
2335
3400
0
1210
0
0
0
0
0
4616
2474
2893
0
0
0
0
6613
0
344
2570
6380
2700
4598
0
1973
0
0
0
5724
0
0
1371
3898
0
5696
0
0
5135
803
914
0
3721
0
0
4272
3594
1474
0
2592
0
0
0
0
4254
0
2355
2571
0
3490
2143
940
0
608
672
1749
2622
0
0
3917
2413
5430
0
6434
5217
4157
0
4405
0
0
4788
6213
1423
0
0
1268
2985
0
0
1984
0
0
0
0
0
0
5034
0
3944
1064
5949
0
2687
671
3100
0
1501
5747
0
2829
0
1229
0
4260
1394
0
1817
0
0
0
3343
5568
0
0
0
0
1822
0
0
0
1220
0
0
1004
0
0
0
0
0
1457
0
0
0
5714
0
5865
5739
0
0
0
3568
0
3972
1521
0
0
5128
0
0
5653
0
743
2793
4838
0
0
0
0
0
0
5303
0
2172
0
0
0
0
0
3009
5369
1166
0
0
0
2261
3631
5140
0
5588
6485
0
0
2990
509
76
3731
0
0
6157
0
3672
0
0
2354
0
0
4386
0
6494
0
0
2688
570
5936
0
0
3388
0
0
0
0
0
0
0
2462
1731
4640
3669
0
93
0
0
3915
5299
0
0
3596
0
0
5589
1707
210
6382
0
0
6612
0
2978
3725
0
0
0
3498
0
0
6419
0
684
0
3501
6580
2917
2153
0
0
0
1260
6126
0
0
1630
2780
5884
2258
5476
0
0
0
0
5745
0
0
1838
418
0
0
4347
4145
0
1466
0
0
4809
0
0
0
0
5462
5781
783
0
0
0
0
3797
0
0
6219
0
0
12
0
4309
0
5009
5241
6392
0
4555
0
0
1403
0
1862
0
0
2898
0
392
0
0
0
0
1342
1709
0
5049
3661
0
0
2025
0
2274
5497
0
0
607
3769
0
0
0
1895
2792
2719
2626
0
0
0
0
878
0
0
3829
0
0
6492
2899
0
6373
2714
0
0
0
6486
0
1821
0
352
0
0
0
4571
0
0
0
6198
0
205
0
6100
0
0
6429
6488
4632
4817
0
0
0
0
962
3317
1458
834
0
0
0
5759
1002
432
0
0
1201
0
0
0
491
0
0
3318
0
5826
0
0
5317
4559
0
0
4548
0
0
0
0
3801
0
0
3975
0
3581
4508
4356
0
2133
0
0
0
1176
852
4294
0
0
0
0
2875
0
568
0
146
1460
0
0
0
5122
0
260
158
798
4747
5470
3331
0
0
986
0
0
97
1746
0
0
0
5527
0
0
769
0
4107
0
0
6513
0
6551
207
3761
2608
0
0
6038
0
3136
4109
0
0
0
0
0
0
5245
2252
0
0
0
0
0
0
1259
1673
5347
0
5056
0
0
0
590
0
0
3296
2659
6410
979
6627
3545
0
5665
1019
0
5270
2018
0
6606
0
0
5560
5876
0
0
2585
660
0
0
0
0
313
1586
0
0
0
0
0
0
0
0
2036
0
0
0
6284
6610
551
0
0
5919
0
3869
0
0
0
0
0
0
0
0
0
1416
0
0
4281
1385
160
0
0
244
0
5920
3539
0
21
0
144
1633
0
0
0
3800
0
1451
1595
2745
0
0
2811
0
1812
0
0
4549
0
6614
0
0
4651
5987
0
0
0
0
0
4546
51
6540
3925
0
0
0
4960
0
0
3675
0
0
0
0
2012
2889
0
0
5325
0
1074
0
0
0
5077
0
2173
2389
0
0
0
0
0
6238
736
0
701
0
0
2728
4449
5341
4753
5264
0
0
0
0
2541
5627
0
2329
0
4879
0
0
6294
0
0
2191
895
0
0
0
0
3647
2528
0
0
0
0
0
1082
0
3922
3895
0
4539
0
0
0
1485
0
2457
0
4063
0
0
0
2577
628
0
1732
0
0
0
2444
0
3090
0
0
2132
3365
0
550
4491
0
0
0
0
0
0
4307
0
3068
0
2254
0
0
1977
0
3257
0
3889
899
0
0
2573
5675
1513
5883
3006
2929
0
2960
3676
0
565
0
0
1866
4470
2751
6322
0
0
2368
1964
0
6101
0
0
0
2653
0
2277
5746
1628
0
4948
0
0
0
0
4003
939
0
5561
5520
0
0
0
0
2539
0
3911
0
0
225
0
0
0
1729
0
0
0
2554
0
0
5427
72
3825
1490
0
0
0
0
1218
0
0
5646
0
0
0
0
0
0
0
592
0
0
0
2953
0
0
3075
2267
0
0
583
5184
0
3580
0
2196
0
0
0
0
0
1584
6108
4008
0
1607
0
0
6428
6226
0
5259
2268
0
535
0
0
0
0
0
4259
4856
2911
0
0
1609
0
0
0
0
0
0
1681
2778
6432
3907
0
0
1696
0
0
5185
0
0
0
4429
4787
0
0
2572
0
0
6026
0
0
0
3020
1744
0
3368
0
0
921
3949
0
0
0
3094
0
0
6207
0
6602
0
0
1945
0
5331
4226
6300
3903
0
2257
0
633
0
0
0
4025
0
339
0
3767
4657
6276
593
5882
6295
0
0
2870
0
0
0
0
0
0
4658
3099
0
0
5328
5182
0
0
0
0
5926
0
2000
0
0
4607
0
4562
0
3053
4524
4398
0
4782
3081
5788
3746
0
2736
5572
0
6051
0
0
2864
3780
1504
1773
0
2542
213
6557
406
2769
0
2526
4172
0
0
0
2321
0
0
6045
0
0
0
0
0
0
0
0
0
2203
5549
1767
0
0
0
0
0
3759
5254
0
55
4930
2372
0
6324
2873
0
0
0
0
0
5720
4171
0
0
0
1966
348
5335
0
1809
0
3054
1574
0
0
0
0
2037
0
0
5275
727
4648
0
3270
0
0
0
0
11
883
2947
0
0
0
0
0
6345
6186
0
0
0
0
3010
0
0
0
0
5705
0
353
2461
0
3299
5055
0
2986
5668
0
0
6336
1066
0
0
2855
1636
0
0
2661
407
1312
446
3494
3354
0
0
0
1154
0
306
4014
0
0
0
5295
5362
0
1160
4880
5557
0
0
0
3618
2791
2405
0
0
321
0
0
6332
0
0
0
0
0
1052
3695
0
0
0
0
0
0
6317
0
0
0
0
3827
0
0
4018
1669
3028
0
0
0
0
0
5580
4895
3316
1326
0
0
0
0
0
0
0
6593
1375
3146
0
1826
3592
3698
323
0
2524
0
0
0
0
985
6454
4329
1654
0
0
0
6591
0
0
0
0
2907
0
5115
6576
5894
422
0
0
1770
0
0
0
6487
5952
0
0
2417
980
0
0
0
4614
0
0
0
0
5954
2874
0
1197
0
3681
0
0
5200
0
1938
0
0
5150
0
0
0
0
3278
0
0
0
0
0
0
5012
0
6127
4903
0
311
0
0
4161
0
0
79
1711
0
0
6370
1680
1095
0
2632
6405
5078
0
1035
4169
0
0
0
1722
6589
0
5225
0
0
830
0
0
1475
4242
2096
0
3154
0
0
0
5064
5100
0
1740
0
2727
3356
0
0
0
6175
0
2251
0
0
5854
3211
0
0
0
29
4152
2834
0
0
0
143
3201
1629
4523
0
3560
5783
0
0
0
0
0
0
5168
2255
6446
4497
274
0
3602
0
0
0
0
0
0
0
600
0
0
0
2748
0
2204
1955
0
0
0
0
2212
0
2198
5728
0
4578
2300
0
0
6532
5782
1202
581
0
0
0
0
0
4338
0
3708
4075
0
1613
2512
2677
0
0
0
0
6188
0
2078
4111
0
4926
0
0
5852
0
4890
0
0
4897
0
0
0
0
4923
0
4221
0
6512
0
0
5199
5318
0
0
0
0
0
2237
4064
0
0
3425
0
2217
954
0
0
1997
5193
4733
0
0
259
4660
5088
0
0
4773
0
0
0
5408
0
1804
0
6142
1554
0
0
0
0
0
6331
0
0
0
1949
0
0
0
0
0
584
4273
6605
0
0
0
4411
0
0
0
682
0
0
0
0
0
2576
5787
0
1439
0
1167
0
0
59
0
0
923
5964
6338
0
0
5258
6611
5157
0
510
0
0
2289
0
5721
0
3122
0
0
0
6220
0
6269
0
3055
0
0
0
0
0
3875
5776
2411
4957
3286
0
2001
0
0
4830
0
0
0
5298
771
0
0
632
0
3553
0
5727
4783
5108
2987
0
0
3349
0
0
3923
0
5441
3372
0
0
5601
0
1421
0
6104
0
0
3061
0
0
4730
0
0
0
0
0
2871
0
2968
0
0
0
3341
4554
0
5244
0
5087
5114
5547
4824
5389
0
0
5262
0
1028
0
5534
4989
6333
1284
0
1073
1370
2741
1471
0
0
1993
0
4313
3620
0
1275
0
5156
4857
0
0
0
0
1839
0
3933
0
0
0
4687
0
0
0
0
0
0
6450
4769
0
0
0
0
0
0
0
1612
4038
0
0
2694
0
0
0
0
5707
0
4369
6329
3689
6275
4979
0
0
4560
2781
2822
4722
0
5975
0
936
3716
0
0
389
5590
0
880
0
5515
5999
629
0
0
1668
6335
0
5198
190
0
0
0
0
0
6056
0
5099
4243
0
0
0
0
0
6113
0
0
0
0
0
0
0
0
0
1571
3643
0
0
0
4976
4
1246
0
3187
0
0
4605
3826
3682
0
0
0
0
309
3492
6064
0
0
3994
0
0
0
363
2758
0
6256
0
0
0
0
0
0
0
0
2779
0
0
0
0
0
4009
0
0
2440
0
0
6000
0
0
0
0
0
1267
3357
0
0
4262
0
0
0
0
0
5382
5361
452
0
3771
0
4385
0
6350
0
4915
5927
0
0
0
0
719
5210
4469
0
0
0
0
0
4382
2202
3753
1001
2668
0
3446
0
2467
888
0
0
0
0
0
0
3976
0
0
2738
2850
1111
0
0
5647
0
5807
0
0
0
2703
0
0
1129
0
3606
0
559
2225
0
2014
0
429
2117
5000
3573
1525
0
0
0
0
904
0
4874
2926
4154
0
0
0
4552
6130
0
0
0
0
4547
0
4348
1440
0
0
0
0
0
0
0
6617
0
0
0
0
0
5643
0
0
0
0
508
5628
0
0
0
2928
3179
0
0
0
0
0
0
0
2527
4091
0
44
6483
5433
0
0
0
0
0
0
4729
3697
0
0
3137
4862
0
1092
6288
3161
0
950
0
6177
0
0
0
0
709
4502
0
0
0
0
782
4220
2245
0
3668
0
5950
2115
0
0
6144
0
0
5271
0
4587
0
0
0
4889
3408
0
0
4534
0
0
0
1059
3288
0
0
324
2602
6325
0
2925
0
0
4762
4139
0
1611
0
0
1303
0
0
0
0
6054
2152
0
0
0
0
0
4599
0
0
5246
0
6071
5730
0
6608
889
0
3599
1615
4286
4349
0
5251
1486
4541
1103
0
4713
2888
3164
0
0
6536
0
0
0
0
2290
662
0
0
0
4707
5257
4759
4067
0
0
0
0
0
0
0
5277
3970
4751
0
3473
0
6484
0
0
5061
0
0
0
0
877
2248
0
368
5429
5089
0
0
0
0
2817
0
0
0
3798
6514
757
1635
3617
211
3980
0
1967
6592
0
0
2670
2683
1422
0
6118
0
0
0
2516
0
4034
0
3334
0
5630
0
0
1203
988
0
0
301
2343
0
0
0
0
4720
0
6316
0
0
1536
0
0
347
0
0
0
0
0
0
1601
0
0
3148
0
0
0
0
0
0
0
212
0
0
5359
0
3806
0
0
0
0
815
0
6025
4225
0
0
776
0
0
0
1123
2282
0
0
2151
0
0
0
6637
2943
5360
0
1283
0
0
0
0
0
1069
6529
0
237
0
0
0
0
0
0
1527
0
1325
4026
0
1713
0
2412
0
6435
6666
0
0
0
731
0
0
361
0
0
5216
0
0
0
1535
729
77
6223
5357
0
0
0
0
3438
0
1386
2250
2892
0
0
0
0
0
0
525
5750
0
1541
0
0
443
3744
0
5636
1376
233
1972
0
0
5479
0
3113
0
0
0
1559
6002
0
0
0
0
0
0
0
0
3887
0
0
255
0
0
0
5686
0
5827
0
0
2415
3147
6368
6372
0
2074
0
2009
0
0
0
0
0
6102
0
2937
0
0
1285
0
0
2065
0
5526
0
1894
0
0
652
0
0
208
5214
3114
3377
94
2107
2709
0
1735
0
0
4142
0
0
4052
0
0
0
0
0
3611
3850
0
4422
4556
3340
0
0
0
3870
2621
0
1667
0
4308
5594
3535
0
5726
692
0
4521
5013
678
6480
3294
0
0
1774
0
4579
0
5247
0
6314
1868
0
0
0
0
5175
0
1924
0
0
0
4140
4278
0
3095
0
0
4936
0
951
375
0
0
1917
0
0
0
5037
0
0
0
0
531
942
0
5035
0
0
325
0
2024
426
0
0
0
4361
4461
0
972
0
4533
3598
0
0
0
0
0
0
6131
0
4679
0
0
0
1916
0
0
0
0
0
0
0
0
0
0
0
4452
5729
4955
4179
0
6221
0
1222
0
4401
0
0
2800
0
0
3822
209
0
644
0
0
5031
0
0
0
0
0
0
137
0
4916
5066
0
2783
0
0
6648
0
0
0
3248
5167
0
2624
0
4287
0
0
0
0
0
0
3971
0
2881
750
0
0
0
0
0
2190
0
0
4376
0
4136
0
0
0
2260
0
0
0
1990
0
0
517
1086
1505
0
1730
0
0
0
0
345
735
0
3297
4392
0
322
89
3637
176
0
5323
0
965
0
3477
4106
3748
3138
0
0
2434
0
5381
1395
0
0
0
5048
4224
2081
0
4141
760
0
1140
0
0
0
0
4705
2253
0
0
0
0
0
0
0
0
0
0
2846
0
5697
0
0
0
0
0
2380
6367
0
0
5269
0
1907
0
0
1340
5074
0
0
0
4146
6266
1971
0
0
0
4039
0
3319
0
5045
0
6366
810
0
6259
5495
0
0
0
0
0
2909
3803
0
0
0
5562
1796
6218
0
3842
0
5997
1739
120
1701
1344
1994
3739
2593
3982
5437
0
0
518
0
6398
0
0
2616
0
0
575
0
0
0
2945
0
0
0
2187
6522
0
0
0
2491
0
2105
5113
0
0
0
0
5938
5702
0
3834
0
1003
4661
0
4848
2459
0
3530
0
0
0
0
6644
0
3997
0
0
0
3133
0
2975
312
6244
0
6669
2833
0
236
0
6224
3314
2974
0
3595
4122
0
0
0
6431
0
4131
6572
0
0
5612
0
0
1788
0
4399
0
0
1602
111
0
4551
1332
3561
859
2391
5517
3979
3439
0
5434
0
3482
0
0
0
0
2625
0
